{"/Users/nisha/Desktop/My Projects/worko-backend/app.js": {"path":"/Users/nisha/Desktop/My Projects/worko-backend/app.js","statementMap":{"0":{"start":{"line":1,"column":16},"end":{"line":1,"column":34}},"1":{"start":{"line":2,"column":15},"end":{"line":2,"column":32}},"2":{"start":{"line":3,"column":18},"end":{"line":3,"column":46}},"3":{"start":{"line":4,"column":19},"end":{"line":4,"column":49}},"4":{"start":{"line":6,"column":0},"end":{"line":6,"column":16}},"5":{"start":{"line":7,"column":12},"end":{"line":7,"column":21}},"6":{"start":{"line":8,"column":13},"end":{"line":8,"column":37}},"7":{"start":{"line":11,"column":0},"end":{"line":11,"column":12}},"8":{"start":{"line":14,"column":0},"end":{"line":14,"column":24}},"9":{"start":{"line":17,"column":0},"end":{"line":17,"column":30}},"10":{"start":{"line":20,"column":0},"end":{"line":22,"column":3}},"11":{"start":{"line":21,"column":2},"end":{"line":21,"column":38}},"12":{"start":{"line":25,"column":0},"end":{"line":28,"column":3}},"13":{"start":{"line":27,"column":2},"end":{"line":27,"column":43}},"14":{"start":{"line":31,"column":0},"end":{"line":33,"column":3}},"15":{"start":{"line":32,"column":2},"end":{"line":32,"column":51}},"16":{"start":{"line":35,"column":0},"end":{"line":35,"column":21}}},"fnMap":{"0":{"name":"(anonymous_0)","decl":{"start":{"line":20,"column":13},"end":{"line":20,"column":14}},"loc":{"start":{"line":20,"column":27},"end":{"line":22,"column":1}},"line":20},"1":{"name":"(anonymous_1)","decl":{"start":{"line":25,"column":8},"end":{"line":25,"column":9}},"loc":{"start":{"line":25,"column":33},"end":{"line":28,"column":1}},"line":25},"2":{"name":"(anonymous_2)","decl":{"start":{"line":31,"column":17},"end":{"line":31,"column":18}},"loc":{"start":{"line":31,"column":23},"end":{"line":33,"column":1}},"line":31}},"branchMap":{"0":{"loc":{"start":{"line":8,"column":13},"end":{"line":8,"column":37}},"type":"binary-expr","locations":[{"start":{"line":8,"column":13},"end":{"line":8,"column":29}},{"start":{"line":8,"column":33},"end":{"line":8,"column":37}}],"line":8}},"s":{"0":1,"1":1,"2":1,"3":1,"4":1,"5":1,"6":1,"7":1,"8":1,"9":1,"10":1,"11":0,"12":1,"13":0,"14":1,"15":1,"16":1},"f":{"0":0,"1":0,"2":1},"b":{"0":[1,0]},"_coverageSchema":"1a1c01bbd47fc00a2c39e90264f33305004495a9","hash":"8a9f5e61ff820a55aba92852c83408897d80b93d"}
,"/Users/nisha/Desktop/My Projects/worko-backend/config/dbConfig.js": {"path":"/Users/nisha/Desktop/My Projects/worko-backend/config/dbConfig.js","statementMap":{"0":{"start":{"line":1,"column":17},"end":{"line":1,"column":36}},"1":{"start":{"line":2,"column":15},"end":{"line":2,"column":32}},"2":{"start":{"line":4,"column":0},"end":{"line":4,"column":16}},"3":{"start":{"line":6,"column":18},"end":{"line":14,"column":1}},"4":{"start":{"line":7,"column":2},"end":{"line":13,"column":3}},"5":{"start":{"line":8,"column":4},"end":{"line":8,"column":47}},"6":{"start":{"line":9,"column":4},"end":{"line":9,"column":50}},"7":{"start":{"line":11,"column":4},"end":{"line":11,"column":55}},"8":{"start":{"line":12,"column":4},"end":{"line":12,"column":20}},"9":{"start":{"line":16,"column":0},"end":{"line":16,"column":27}}},"fnMap":{"0":{"name":"(anonymous_0)","decl":{"start":{"line":6,"column":18},"end":{"line":6,"column":19}},"loc":{"start":{"line":6,"column":30},"end":{"line":14,"column":1}},"line":6}},"branchMap":{},"s":{"0":1,"1":1,"2":1,"3":1,"4":2,"5":2,"6":2,"7":0,"8":0,"9":1},"f":{"0":2},"b":{},"_coverageSchema":"1a1c01bbd47fc00a2c39e90264f33305004495a9","hash":"e4de9cb9901c829078af47d81c5abde6055c0639"}
,"/Users/nisha/Desktop/My Projects/worko-backend/controllers/userController.js": {"path":"/Users/nisha/Desktop/My Projects/worko-backend/controllers/userController.js","statementMap":{"0":{"start":{"line":1,"column":20},"end":{"line":1,"column":54}},"1":{"start":{"line":2,"column":13},"end":{"line":2,"column":43}},"2":{"start":{"line":3,"column":12},"end":{"line":3,"column":35}},"3":{"start":{"line":6,"column":19},"end":{"line":21,"column":1}},"4":{"start":{"line":7,"column":2},"end":{"line":20,"column":3}},"5":{"start":{"line":8,"column":48},"end":{"line":8,"column":56}},"6":{"start":{"line":11,"column":17},"end":{"line":11,"column":62}},"7":{"start":{"line":12,"column":4},"end":{"line":12,"column":22}},"8":{"start":{"line":15,"column":18},"end":{"line":15,"column":82}},"9":{"start":{"line":17,"column":4},"end":{"line":17,"column":42}},"10":{"start":{"line":19,"column":4},"end":{"line":19,"column":51}},"11":{"start":{"line":23,"column":20},"end":{"line":30,"column":1}},"12":{"start":{"line":24,"column":2},"end":{"line":29,"column":3}},"13":{"start":{"line":25,"column":17},"end":{"line":25,"column":65}},"14":{"start":{"line":26,"column":4},"end":{"line":26,"column":31}},"15":{"start":{"line":28,"column":4},"end":{"line":28,"column":51}},"16":{"start":{"line":32,"column":20},"end":{"line":39,"column":1}},"17":{"start":{"line":33,"column":2},"end":{"line":38,"column":3}},"18":{"start":{"line":34,"column":18},"end":{"line":34,"column":49}},"19":{"start":{"line":35,"column":4},"end":{"line":35,"column":32}},"20":{"start":{"line":37,"column":4},"end":{"line":37,"column":51}},"21":{"start":{"line":41,"column":19},"end":{"line":51,"column":1}},"22":{"start":{"line":42,"column":2},"end":{"line":50,"column":3}},"23":{"start":{"line":43,"column":17},"end":{"line":43,"column":74}},"24":{"start":{"line":44,"column":4},"end":{"line":46,"column":5}},"25":{"start":{"line":45,"column":6},"end":{"line":45,"column":63}},"26":{"start":{"line":47,"column":4},"end":{"line":47,"column":31}},"27":{"start":{"line":49,"column":4},"end":{"line":49,"column":51}},"28":{"start":{"line":54,"column":23},"end":{"line":61,"column":1}},"29":{"start":{"line":55,"column":2},"end":{"line":60,"column":3}},"30":{"start":{"line":56,"column":17},"end":{"line":56,"column":68}},"31":{"start":{"line":57,"column":4},"end":{"line":57,"column":31}},"32":{"start":{"line":59,"column":4},"end":{"line":59,"column":51}},"33":{"start":{"line":63,"column":0},"end":{"line":63,"column":86}}},"fnMap":{"0":{"name":"(anonymous_0)","decl":{"start":{"line":6,"column":19},"end":{"line":6,"column":20}},"loc":{"start":{"line":6,"column":39},"end":{"line":21,"column":1}},"line":6},"1":{"name":"(anonymous_1)","decl":{"start":{"line":23,"column":20},"end":{"line":23,"column":21}},"loc":{"start":{"line":23,"column":40},"end":{"line":30,"column":1}},"line":23},"2":{"name":"(anonymous_2)","decl":{"start":{"line":32,"column":20},"end":{"line":32,"column":21}},"loc":{"start":{"line":32,"column":40},"end":{"line":39,"column":1}},"line":32},"3":{"name":"(anonymous_3)","decl":{"start":{"line":41,"column":19},"end":{"line":41,"column":20}},"loc":{"start":{"line":41,"column":39},"end":{"line":51,"column":1}},"line":41},"4":{"name":"(anonymous_4)","decl":{"start":{"line":54,"column":23},"end":{"line":54,"column":24}},"loc":{"start":{"line":54,"column":43},"end":{"line":61,"column":1}},"line":54}},"branchMap":{"0":{"loc":{"start":{"line":44,"column":4},"end":{"line":46,"column":5}},"type":"if","locations":[{"start":{"line":44,"column":4},"end":{"line":46,"column":5}},{"start":{},"end":{}}],"line":44}},"s":{"0":1,"1":1,"2":1,"3":1,"4":1,"5":1,"6":1,"7":1,"8":1,"9":1,"10":0,"11":1,"12":1,"13":1,"14":1,"15":0,"16":1,"17":1,"18":1,"19":1,"20":0,"21":1,"22":0,"23":0,"24":0,"25":0,"26":0,"27":0,"28":1,"29":1,"30":1,"31":1,"32":0,"33":1},"f":{"0":1,"1":1,"2":1,"3":0,"4":1},"b":{"0":[0,0]},"_coverageSchema":"1a1c01bbd47fc00a2c39e90264f33305004495a9","hash":"bf1cdbf8480e66408b94dd7f32e8f54c17dfcd99"}
,"/Users/nisha/Desktop/My Projects/worko-backend/daos/userDao.js": {"path":"/Users/nisha/Desktop/My Projects/worko-backend/daos/userDao.js","statementMap":{"0":{"start":{"line":1,"column":13},"end":{"line":1,"column":43}},"1":{"start":{"line":3,"column":19},"end":{"line":6,"column":1}},"2":{"start":{"line":4,"column":15},"end":{"line":4,"column":33}},"3":{"start":{"line":5,"column":2},"end":{"line":5,"column":27}},"4":{"start":{"line":8,"column":20},"end":{"line":10,"column":1}},"5":{"start":{"line":9,"column":2},"end":{"line":9,"column":61}},"6":{"start":{"line":12,"column":20},"end":{"line":14,"column":1}},"7":{"start":{"line":13,"column":2},"end":{"line":13,"column":47}},"8":{"start":{"line":16,"column":19},"end":{"line":18,"column":1}},"9":{"start":{"line":17,"column":2},"end":{"line":17,"column":95}},"10":{"start":{"line":20,"column":23},"end":{"line":22,"column":1}},"11":{"start":{"line":21,"column":2},"end":{"line":21,"column":78}},"12":{"start":{"line":24,"column":0},"end":{"line":24,"column":86}}},"fnMap":{"0":{"name":"(anonymous_0)","decl":{"start":{"line":3,"column":19},"end":{"line":3,"column":20}},"loc":{"start":{"line":3,"column":39},"end":{"line":6,"column":1}},"line":3},"1":{"name":"(anonymous_1)","decl":{"start":{"line":8,"column":20},"end":{"line":8,"column":21}},"loc":{"start":{"line":8,"column":34},"end":{"line":10,"column":1}},"line":8},"2":{"name":"(anonymous_2)","decl":{"start":{"line":12,"column":20},"end":{"line":12,"column":21}},"loc":{"start":{"line":12,"column":32},"end":{"line":14,"column":1}},"line":12},"3":{"name":"(anonymous_3)","decl":{"start":{"line":16,"column":19},"end":{"line":16,"column":20}},"loc":{"start":{"line":16,"column":43},"end":{"line":18,"column":1}},"line":16},"4":{"name":"(anonymous_4)","decl":{"start":{"line":20,"column":23},"end":{"line":20,"column":24}},"loc":{"start":{"line":20,"column":37},"end":{"line":22,"column":1}},"line":20}},"branchMap":{},"s":{"0":1,"1":1,"2":0,"3":0,"4":1,"5":1,"6":1,"7":1,"8":1,"9":0,"10":1,"11":1,"12":1},"f":{"0":0,"1":1,"2":1,"3":0,"4":1},"b":{},"_coverageSchema":"1a1c01bbd47fc00a2c39e90264f33305004495a9","hash":"8b364ceb8cd555aae62b15fca83aad2ae9582773"}
,"/Users/nisha/Desktop/My Projects/worko-backend/dtos/userDto.js": {"path":"/Users/nisha/Desktop/My Projects/worko-backend/dtos/userDto.js","statementMap":{"0":{"start":{"line":1,"column":12},"end":{"line":1,"column":26}},"1":{"start":{"line":3,"column":21},"end":{"line":12,"column":1}},"2":{"start":{"line":4,"column":17},"end":{"line":10,"column":4}},"3":{"start":{"line":11,"column":2},"end":{"line":11,"column":35}},"4":{"start":{"line":14,"column":23},"end":{"line":19,"column":1}},"5":{"start":{"line":15,"column":17},"end":{"line":17,"column":4}},"6":{"start":{"line":18,"column":2},"end":{"line":18,"column":29}},"7":{"start":{"line":21,"column":0},"end":{"line":21,"column":50}}},"fnMap":{"0":{"name":"(anonymous_0)","decl":{"start":{"line":3,"column":21},"end":{"line":3,"column":22}},"loc":{"start":{"line":3,"column":35},"end":{"line":12,"column":1}},"line":3},"1":{"name":"(anonymous_1)","decl":{"start":{"line":14,"column":23},"end":{"line":14,"column":24}},"loc":{"start":{"line":14,"column":31},"end":{"line":19,"column":1}},"line":14}},"branchMap":{},"s":{"0":1,"1":1,"2":0,"3":0,"4":1,"5":2,"6":2,"7":1},"f":{"0":0,"1":2},"b":{},"_coverageSchema":"1a1c01bbd47fc00a2c39e90264f33305004495a9","hash":"d85838fe13bafb566ae47818e06fc5014c3e951e"}
,"/Users/nisha/Desktop/My Projects/worko-backend/middlewares/authMiddleware.js": {"path":"/Users/nisha/Desktop/My Projects/worko-backend/middlewares/authMiddleware.js","statementMap":{"0":{"start":{"line":1,"column":12},"end":{"line":1,"column":35}},"1":{"start":{"line":2,"column":15},"end":{"line":2,"column":32}},"2":{"start":{"line":4,"column":0},"end":{"line":4,"column":16}},"3":{"start":{"line":6,"column":26},"end":{"line":17,"column":1}},"4":{"start":{"line":7,"column":21},"end":{"line":7,"column":49}},"5":{"start":{"line":8,"column":16},"end":{"line":8,"column":54}},"6":{"start":{"line":10,"column":2},"end":{"line":10,"column":41}},"7":{"start":{"line":10,"column":14},"end":{"line":10,"column":41}},"8":{"start":{"line":12,"column":2},"end":{"line":16,"column":5}},"9":{"start":{"line":13,"column":4},"end":{"line":13,"column":40}},"10":{"start":{"line":13,"column":13},"end":{"line":13,"column":40}},"11":{"start":{"line":14,"column":4},"end":{"line":14,"column":20}},"12":{"start":{"line":15,"column":4},"end":{"line":15,"column":11}},"13":{"start":{"line":19,"column":0},"end":{"line":19,"column":35}}},"fnMap":{"0":{"name":"(anonymous_0)","decl":{"start":{"line":6,"column":26},"end":{"line":6,"column":27}},"loc":{"start":{"line":6,"column":46},"end":{"line":17,"column":1}},"line":6},"1":{"name":"(anonymous_1)","decl":{"start":{"line":12,"column":44},"end":{"line":12,"column":45}},"loc":{"start":{"line":12,"column":59},"end":{"line":16,"column":3}},"line":12}},"branchMap":{"0":{"loc":{"start":{"line":8,"column":16},"end":{"line":8,"column":54}},"type":"binary-expr","locations":[{"start":{"line":8,"column":16},"end":{"line":8,"column":26}},{"start":{"line":8,"column":30},"end":{"line":8,"column":54}}],"line":8},"1":{"loc":{"start":{"line":10,"column":2},"end":{"line":10,"column":41}},"type":"if","locations":[{"start":{"line":10,"column":2},"end":{"line":10,"column":41}},{"start":{},"end":{}}],"line":10},"2":{"loc":{"start":{"line":13,"column":4},"end":{"line":13,"column":40}},"type":"if","locations":[{"start":{"line":13,"column":4},"end":{"line":13,"column":40}},{"start":{},"end":{}}],"line":13}},"s":{"0":1,"1":1,"2":1,"3":1,"4":3,"5":3,"6":3,"7":0,"8":3,"9":3,"10":0,"11":3,"12":3,"13":1},"f":{"0":3,"1":3},"b":{"0":[3,3],"1":[0,3],"2":[0,3]},"_coverageSchema":"1a1c01bbd47fc00a2c39e90264f33305004495a9","hash":"35ce2208f0eafc400ef7025fd762068227189912"}
,"/Users/nisha/Desktop/My Projects/worko-backend/middlewares/validatorMiddleware.js": {"path":"/Users/nisha/Desktop/My Projects/worko-backend/middlewares/validatorMiddleware.js","statementMap":{"0":{"start":{"line":1,"column":12},"end":{"line":1,"column":26}},"1":{"start":{"line":3,"column":24},"end":{"line":11,"column":1}},"2":{"start":{"line":4,"column":2},"end":{"line":10,"column":4}},"3":{"start":{"line":5,"column":22},"end":{"line":5,"column":47}},"4":{"start":{"line":6,"column":4},"end":{"line":8,"column":5}},"5":{"start":{"line":7,"column":6},"end":{"line":7,"column":71}},"6":{"start":{"line":9,"column":4},"end":{"line":9,"column":11}},"7":{"start":{"line":13,"column":0},"end":{"line":13,"column":33}}},"fnMap":{"0":{"name":"(anonymous_0)","decl":{"start":{"line":3,"column":24},"end":{"line":3,"column":25}},"loc":{"start":{"line":3,"column":36},"end":{"line":11,"column":1}},"line":3},"1":{"name":"(anonymous_1)","decl":{"start":{"line":4,"column":9},"end":{"line":4,"column":10}},"loc":{"start":{"line":4,"column":29},"end":{"line":10,"column":3}},"line":4}},"branchMap":{"0":{"loc":{"start":{"line":6,"column":4},"end":{"line":8,"column":5}},"type":"if","locations":[{"start":{"line":6,"column":4},"end":{"line":8,"column":5}},{"start":{},"end":{}}],"line":6}},"s":{"0":1,"1":1,"2":2,"3":0,"4":0,"5":0,"6":0,"7":1},"f":{"0":2,"1":0},"b":{"0":[0,0]},"_coverageSchema":"1a1c01bbd47fc00a2c39e90264f33305004495a9","hash":"d5138131a0a01c2b09c29fade03c50e1d1a860f6"}
,"/Users/nisha/Desktop/My Projects/worko-backend/models/userModel.js": {"path":"/Users/nisha/Desktop/My Projects/worko-backend/models/userModel.js","statementMap":{"0":{"start":{"line":1,"column":17},"end":{"line":1,"column":36}},"1":{"start":{"line":3,"column":19},"end":{"line":10,"column":2}},"2":{"start":{"line":12,"column":13},"end":{"line":12,"column":47}},"3":{"start":{"line":14,"column":0},"end":{"line":14,"column":22}}},"fnMap":{},"branchMap":{},"s":{"0":1,"1":1,"2":1,"3":1},"f":{},"b":{},"_coverageSchema":"1a1c01bbd47fc00a2c39e90264f33305004495a9","hash":"7906f4995975a07fa7bc22886de00c510e96d32b"}
,"/Users/nisha/Desktop/My Projects/worko-backend/routes/userRoutes.js": {"path":"/Users/nisha/Desktop/My Projects/worko-backend/routes/userRoutes.js","statementMap":{"0":{"start":{"line":1,"column":16},"end":{"line":1,"column":34}},"1":{"start":{"line":2,"column":23},"end":{"line":2,"column":63}},"2":{"start":{"line":3,"column":26},"end":{"line":3,"column":66}},"3":{"start":{"line":4,"column":17},"end":{"line":4,"column":62}},"4":{"start":{"line":5,"column":25},"end":{"line":5,"column":51}},"5":{"start":{"line":7,"column":15},"end":{"line":7,"column":31}},"6":{"start":{"line":9,"column":0},"end":{"line":9,"column":68}},"7":{"start":{"line":10,"column":0},"end":{"line":10,"column":75}},"8":{"start":{"line":11,"column":0},"end":{"line":11,"column":48}},"9":{"start":{"line":12,"column":0},"end":{"line":12,"column":98}},"10":{"start":{"line":13,"column":0},"end":{"line":13,"column":100}},"11":{"start":{"line":14,"column":0},"end":{"line":14,"column":81}},"12":{"start":{"line":16,"column":0},"end":{"line":16,"column":24}}},"fnMap":{},"branchMap":{},"s":{"0":1,"1":1,"2":1,"3":1,"4":1,"5":1,"6":1,"7":1,"8":1,"9":1,"10":1,"11":1,"12":1},"f":{},"b":{},"_coverageSchema":"1a1c01bbd47fc00a2c39e90264f33305004495a9","hash":"52842393b30edda734da16a1390e9165de9d1f0f"}
,"/Users/nisha/Desktop/My Projects/worko-backend/services/userService.js": {"path":"/Users/nisha/Desktop/My Projects/worko-backend/services/userService.js","statementMap":{"0":{"start":{"line":1,"column":16},"end":{"line":1,"column":42}},"1":{"start":{"line":2,"column":41},"end":{"line":2,"column":67}},"2":{"start":{"line":4,"column":19},"end":{"line":8,"column":1}},"3":{"start":{"line":5,"column":20},"end":{"line":5,"column":42}},"4":{"start":{"line":6,"column":2},"end":{"line":6,"column":55}},"5":{"start":{"line":6,"column":13},"end":{"line":6,"column":55}},"6":{"start":{"line":7,"column":2},"end":{"line":7,"column":44}},"7":{"start":{"line":10,"column":20},"end":{"line":14,"column":1}},"8":{"start":{"line":11,"column":20},"end":{"line":11,"column":42}},"9":{"start":{"line":12,"column":2},"end":{"line":12,"column":55}},"10":{"start":{"line":12,"column":13},"end":{"line":12,"column":55}},"11":{"start":{"line":13,"column":2},"end":{"line":13,"column":39}},"12":{"start":{"line":16,"column":20},"end":{"line":18,"column":1}},"13":{"start":{"line":17,"column":2},"end":{"line":17,"column":37}},"14":{"start":{"line":20,"column":19},"end":{"line":24,"column":1}},"15":{"start":{"line":21,"column":20},"end":{"line":21,"column":42}},"16":{"start":{"line":22,"column":2},"end":{"line":22,"column":55}},"17":{"start":{"line":22,"column":13},"end":{"line":22,"column":55}},"18":{"start":{"line":23,"column":2},"end":{"line":23,"column":48}},"19":{"start":{"line":26,"column":23},"end":{"line":30,"column":1}},"20":{"start":{"line":27,"column":20},"end":{"line":27,"column":42}},"21":{"start":{"line":28,"column":2},"end":{"line":28,"column":55}},"22":{"start":{"line":28,"column":13},"end":{"line":28,"column":55}},"23":{"start":{"line":29,"column":2},"end":{"line":29,"column":42}},"24":{"start":{"line":32,"column":0},"end":{"line":32,"column":86}}},"fnMap":{"0":{"name":"(anonymous_0)","decl":{"start":{"line":4,"column":19},"end":{"line":4,"column":20}},"loc":{"start":{"line":4,"column":39},"end":{"line":8,"column":1}},"line":4},"1":{"name":"(anonymous_1)","decl":{"start":{"line":10,"column":20},"end":{"line":10,"column":21}},"loc":{"start":{"line":10,"column":34},"end":{"line":14,"column":1}},"line":10},"2":{"name":"(anonymous_2)","decl":{"start":{"line":16,"column":20},"end":{"line":16,"column":21}},"loc":{"start":{"line":16,"column":32},"end":{"line":18,"column":1}},"line":16},"3":{"name":"(anonymous_3)","decl":{"start":{"line":20,"column":19},"end":{"line":20,"column":20}},"loc":{"start":{"line":20,"column":43},"end":{"line":24,"column":1}},"line":20},"4":{"name":"(anonymous_4)","decl":{"start":{"line":26,"column":23},"end":{"line":26,"column":24}},"loc":{"start":{"line":26,"column":37},"end":{"line":30,"column":1}},"line":26}},"branchMap":{"0":{"loc":{"start":{"line":6,"column":2},"end":{"line":6,"column":55}},"type":"if","locations":[{"start":{"line":6,"column":2},"end":{"line":6,"column":55}},{"start":{},"end":{}}],"line":6},"1":{"loc":{"start":{"line":12,"column":2},"end":{"line":12,"column":55}},"type":"if","locations":[{"start":{"line":12,"column":2},"end":{"line":12,"column":55}},{"start":{},"end":{}}],"line":12},"2":{"loc":{"start":{"line":22,"column":2},"end":{"line":22,"column":55}},"type":"if","locations":[{"start":{"line":22,"column":2},"end":{"line":22,"column":55}},{"start":{},"end":{}}],"line":22},"3":{"loc":{"start":{"line":28,"column":2},"end":{"line":28,"column":55}},"type":"if","locations":[{"start":{"line":28,"column":2},"end":{"line":28,"column":55}},{"start":{},"end":{}}],"line":28}},"s":{"0":1,"1":1,"2":1,"3":0,"4":0,"5":0,"6":0,"7":1,"8":1,"9":1,"10":0,"11":1,"12":1,"13":1,"14":1,"15":0,"16":0,"17":0,"18":0,"19":1,"20":1,"21":1,"22":0,"23":1,"24":1},"f":{"0":0,"1":1,"2":1,"3":0,"4":1},"b":{"0":[0,0],"1":[0,1],"2":[0,0],"3":[0,1]},"_coverageSchema":"1a1c01bbd47fc00a2c39e90264f33305004495a9","hash":"12b23f82825ac2a6137fbb6557ddd194d351a113"}
}
